<?xml version="1.0" encoding="UTF-8"?>
<!-- Generated by org.testng.reporters.JUnitReportReporter -->
<testsuite hostname="Aila-PC" name="DEWA.AddDeviceComplete" tests="1" failures="0" timestamp="16 Dec 2016 12:30:06 GMT" time="172.998" errors="0">
  <testcase name="f" time="172.998" classname="DEWA.AddDeviceComplete"/>
</testsuite> <!-- DEWA.AddDeviceComplete -->
