<?xml version="1.0" encoding="UTF-8"?>
<!-- Generated by org.testng.reporters.JUnitReportReporter -->
<testsuite hostname="Aila" name="DEWA.InsertOwners" tests="1" failures="0" timestamp="24 Nov 2016 14:25:56 GMT" time="126.667" errors="0">
  <testcase name="f" time="126.667" classname="DEWA.InsertOwners"/>
</testsuite> <!-- DEWA.InsertOwners -->
