<?xml version="1.0" encoding="UTF-8"?>
<!-- Generated by org.testng.reporters.JUnitReportReporter -->
<testsuite name="DEWA.AddAndCheckDeviceStatusClosed" tests="1" time="0.010" ignored="0" failures="0" timestamp="17 Jan 2017 11:42:13 GMT" skipped="0" hostname="DESKTOP-IO372FD" errors="1">
  <testcase name="f" time="0.010" classname="DEWA.AddAndCheckDeviceStatusClosed">
    <error type="java.lang.Error" message="Unresolved compilation problems: 
	WebDriver cannot be resolved to a type
	FirefoxDriver cannot be resolved to a type
	By cannot be resolved
	By cannot be resolved
	By cannot be resolved
	WebElement cannot be resolved to a type
	By cannot be resolved
	Select cannot be resolved to a type
	Select cannot be resolved to a type
	By cannot be resolved
	By cannot be resolved
	By cannot be resolved
	By cannot be resolved
	By cannot be resolved
	WebElement cannot be resolved to a type
	By cannot be resolved
	Select cannot be resolved to a type
	Select cannot be resolved to a type
	WebElement cannot be resolved to a type
	By cannot be resolved
	Select cannot be resolved to a type
	Select cannot be resolved to a type
	WebElement cannot be resolved to a type
	By cannot be resolved
	Select cannot be resolved to a type
	Select cannot be resolved to a type
	WebElement cannot be resolved to a type
	By cannot be resolved
	Select cannot be resolved to a type
	Select cannot be resolved to a type
	By cannot be resolved
	By cannot be resolved
	By cannot be resolved
	By cannot be resolved
	By cannot be resolved
	By cannot be resolved
	By cannot be resolved
	By cannot be resolved
	By cannot be resolved
	By cannot be resolved
	By cannot be resolved
	By cannot be resolved
	By cannot be resolved
	By cannot be resolved
	By cannot be resolved
	By cannot be resolved
	WebElement cannot be resolved to a type
	By cannot be resolved
	WebElement cannot be resolved to a type
	By cannot be resolved
	WebElement cannot be resolved to a type
	WebElement cannot be resolved to a type
	By cannot be resolved
	WebElement cannot be resolved to a type
	By cannot be resolved
">
      <![CDATA[java.lang.Error: Unresolved compilation problems: 
	WebDriver cannot be resolved to a type
	FirefoxDriver cannot be resolved to a type
	By cannot be resolved
	By cannot be resolved
	By cannot be resolved
	WebElement cannot be resolved to a type
	By cannot be resolved
	Select cannot be resolved to a type
	Select cannot be resolved to a type
	By cannot be resolved
	By cannot be resolved
	By cannot be resolved
	By cannot be resolved
	By cannot be resolved
	WebElement cannot be resolved to a type
	By cannot be resolved
	Select cannot be resolved to a type
	Select cannot be resolved to a type
	WebElement cannot be resolved to a type
	By cannot be resolved
	Select cannot be resolved to a type
	Select cannot be resolved to a type
	WebElement cannot be resolved to a type
	By cannot be resolved
	Select cannot be resolved to a type
	Select cannot be resolved to a type
	WebElement cannot be resolved to a type
	By cannot be resolved
	Select cannot be resolved to a type
	Select cannot be resolved to a type
	By cannot be resolved
	By cannot be resolved
	By cannot be resolved
	By cannot be resolved
	By cannot be resolved
	By cannot be resolved
	By cannot be resolved
	By cannot be resolved
	By cannot be resolved
	By cannot be resolved
	By cannot be resolved
	By cannot be resolved
	By cannot be resolved
	By cannot be resolved
	By cannot be resolved
	By cannot be resolved
	WebElement cannot be resolved to a type
	By cannot be resolved
	WebElement cannot be resolved to a type
	By cannot be resolved
	WebElement cannot be resolved to a type
	WebElement cannot be resolved to a type
	By cannot be resolved
	WebElement cannot be resolved to a type
	By cannot be resolved

	at DEWA.AddAndCheckDeviceStatusClosed.f(AddAndCheckDeviceStatusClosed.java:33)
	at sun.reflect.NativeMethodAccessorImpl.invoke0(Native Method)
	at sun.reflect.NativeMethodAccessorImpl.invoke(Unknown Source)
	at sun.reflect.DelegatingMethodAccessorImpl.invoke(Unknown Source)
	at java.lang.reflect.Method.invoke(Unknown Source)
	at org.testng.internal.MethodInvocationHelper.invokeMethod(MethodInvocationHelper.java:104)
	at org.testng.internal.Invoker.invokeMethod(Invoker.java:645)
	at org.testng.internal.Invoker.invokeTestMethod(Invoker.java:851)
	at org.testng.internal.Invoker.invokeTestMethods(Invoker.java:1177)
	at org.testng.internal.TestMethodWorker.invokeTestMethods(TestMethodWorker.java:129)
	at org.testng.internal.TestMethodWorker.run(TestMethodWorker.java:112)
	at org.testng.TestRunner.privateRun(TestRunner.java:756)
	at org.testng.TestRunner.run(TestRunner.java:610)
	at org.testng.SuiteRunner.runTest(SuiteRunner.java:387)
	at org.testng.SuiteRunner.runSequentially(SuiteRunner.java:382)
	at org.testng.SuiteRunner.privateRun(SuiteRunner.java:340)
	at org.testng.SuiteRunner.run(SuiteRunner.java:289)
	at org.testng.SuiteRunnerWorker.runSuite(SuiteRunnerWorker.java:52)
	at org.testng.SuiteRunnerWorker.run(SuiteRunnerWorker.java:86)
	at org.testng.TestNG.runSuitesSequentially(TestNG.java:1293)
	at org.testng.TestNG.runSuitesLocally(TestNG.java:1218)
	at org.testng.TestNG.runSuites(TestNG.java:1133)
	at org.testng.TestNG.run(TestNG.java:1104)
	at org.testng.remote.AbstractRemoteTestNG.run(AbstractRemoteTestNG.java:132)
	at org.testng.remote.RemoteTestNG.initAndRun(RemoteTestNG.java:236)
	at org.testng.remote.RemoteTestNG.main(RemoteTestNG.java:81)
]]>
    </error>
  </testcase> <!-- f -->
</testsuite> <!-- DEWA.AddAndCheckDeviceStatusClosed -->
