<?xml version="1.0" encoding="UTF-8"?>
<!-- Generated by org.testng.reporters.JUnitReportReporter -->
<testsuite hostname="Aila" name="DEWA.InsertGroups" tests="1" failures="0" timestamp="24 Nov 2016 13:32:55 GMT" time="71.588" errors="0">
  <testcase name="f" time="71.588" classname="DEWA.InsertGroups"/>
</testsuite> <!-- DEWA.InsertGroups -->
